Launched child process: PID: 9648
Launched child process: PID: 9654
Launched child process: PID: 9660
Launched child process: PID: 9666
Launched child process: PID: 9672
Launched child process: PID: 9678
Launched child process: PID: 9684
Launched child process: PID: 9690
Launched child process: PID: 9696
Launched child process: PID: 9702
Launched child process: PID: 9704
Launched child process: PID: 9710
Launched child process: PID: 9715
Launched child process: PID: 9721
Launched child process: PID: 9727
Launched child process: PID: 9734
Launched child process: PID: 9740
Launched child process: PID: 9746
Launched child process: PID: 9752
Launched child process: PID: 9758
Launched child process: PID: 9764
Connected to server! 
Launched child process: PID: 9770
Launched child process: PID: 9776
Launched child process: PID: 9783
Launched child process: PID: 9789
Launched child process: PID: 9791
Launched child process: PID: 9797
Launched child process: PID: 9807
Launched child process: PID: 9813
Launched child process: PID: 9820
Launched child process: PID: 9821
Client 1 
Launched child process: PID: 9827
Connected to server! 
Launched child process: PID: 9833
Launched child process: PID: 9839
Launched child process: PID: 9846
Launched child process: PID: 9852
Launched child process: PID: 9858
Launched child process: PID: 9864
Launched child process: PID: 9870
Launched child process: PID: 9876
Client 2 
Connected to server! 
Launched child process: PID: 9882
Launched child process: PID: 9889
Launched child process: PID: 9895
Launched child process: PID: 9901
Launched child process: PID: 9907
Launched child process: PID: 9913
Launched child process: PID: 9919
Client 3 
Connected to server! 
Launched child process: PID: 9926
Launched child process: PID: 9932
Launched child process: PID: 9938
Launched child process: PID: 9945
Launched child process: PID: 9947
Client 4 
Connected to server! 
Launched child process: PID: 9953
Launched child process: PID: 9959
Launched child process: PID: 9970
Launched child process: PID: 9972
Launched child process: PID: 9982
Launched child process: PID: 9989
Client 5 
Connected to server! 
Launched child process: PID: 9991
Launched child process: PID: 9997
Launched child process: PID: 10003
Launched child process: PID: 10014
Launched child process: PID: 10015
Client 6 
Connected to server! 
Launched child process: PID: 10022
Launched child process: PID: 10028
Launched child process: PID: 10039
Client 7 
Connected to server! 
Launched child process: PID: 10045
Launched child process: PID: 10048
Launched child process: PID: 10058
Launched child process: PID: 10059
Launched child process: PID: 10061
Client 8 
Connected to server! 
Launched child process: PID: 10068
Launched child process: PID: 10074
Launched child process: PID: 10080
Launched child process: PID: 10086
Launched child process: PID: 10093
Client 9 
Connected to server! 
Launched child process: PID: 10104
Launched child process: PID: 10106
Launched child process: PID: 10116
Client 10 
Connected to server! 
Launched child process: PID: 10119
Launched child process: PID: 10124
Launched child process: PID: 10126
Launched child process: PID: 10137
Launched child process: PID: 10144
Client 11 
Connected to server! 
Launched child process: PID: 10160
Launched child process: PID: 10162
Launched child process: PID: 10167
Client 12 
Connected to server! 
Launched child process: PID: 10169
Launched child process: PID: 10180
Client 13 
Connected to server! 
Launched child process: PID: 10181
Launched child process: PID: 10193
Launched child process: PID: 10199
Launched child process: PID: 10202
Client 14 
Connected to server! 
Launched child process: PID: 10203
Launched child process: PID: 10213
Launched child process: PID: 10215
Launched child process: PID: 10221
Client 15 
Connected to server! 
Launched child process: PID: 10228
Launched child process: PID: 10234
Launched child process: PID: 10241
Client 16 
Connected to server! 
Launched child process: PID: 10246
1
2
3
4
5
6
7
8
9
10
11
12
13
14
15
16
Client 17 
Connected to server! 
17
Client 18 
Connected to server! 
18
Client 19 
Connected to server! 
19
Client 20 
Connected to server! 
20
Client 21 
Connected to server! 
21
Client 22 
Connected to server! 
22
Client 23 
Connected to server! 
23
Client 24 
Connected to server! 
24
Client 25 
Connected to server! 
25
Client 26 
Connected to server! 
26
Client 27 
Connected to server! 
27
Client 28 
Connected to server! 
28
Client 29 
Connected to server! 
29
Client 30 
Connected to server! 
30
Client 31 
Connected to server! 
31
Client 32 
Connected to server! 
32
Client 33 
Connected to server! 
33
Client 34 
Connected to server! 
34
Client 35 
Connected to server! 
35
Client 36 
Connected to server! 
36
Client 37 
Connected to server! 
37
Client 38 
Connected to server! 
38
Client 39 
Connected to server! 
39
Client 40 
Connected to server! 
40
Client 41 
Connected to server! 
41
Client 42 
Connected to server! 
42
Client 43 
Connected to server! 
43
Client 44 
Connected to server! 
44
Client 45 
Connected to server! 
Client 46 
Connected to server! 
45
46
Client 47 
Connected to server! 
47
Client 48 
Connected to server! 
48
Client 49 
Connected to server! 
49
Client 50 
Connected to server! 
50
Client 51 
Connected to server! 
51
Client 52 
Client 53 
Connected to server! 
52
Connected to server! 
53
Client 54 
Connected to server! 
54
Client 55 
Connected to server! 
55
Client 56 
Connected to server! 
56
Client 57 
Connected to server! 
57
Client 58 
Connected to server! 
58
Client 59 
Connected to server! 
59
Client 60 
Connected to server! 
60
Client 61 
Connected to server! 
61
Client 62 
Connected to server! 
62
Client 63 
Connected to server! 
63
Client 64 
Connected to server! 
Client 65 
64
Connected to server! 
65
Client 67 
Connected to server! 
66
Client 66 
Connected to server! 
67
Client 68 
Connected to server! 
Client 69 
Connected to server! 
68
69
Client 70 
Connected to server! 
70
Client 71 
Connected to server! 
71
Client 72 
Connected to server! 
72
Client 73 
Client 74 
Connected to server! 
73
Client 75 
Connected to server! 
74
Connected to server! 
75
Client 76 
Connected to server! 
Client 78 
Connected to server! 
76
Client 77 
Connected to server! 
77
78
Client 80 
Client 79 
Connected to server! 
79
Connected to server! 
80
Client 81 
Connected to server! 
81
Client 82 
Connected to server! 
82
Client 83 
Client 84 
Connected to server! 
83
Connected to server! 
84
Client 85 
Connected to server! 
85
Client 87 
Client 86 
Connected to server! 
Connected to server! 
86
87
Client 88 
Connected to server! 
88
Client 89 
Connected to server! 
89
Client 90 
Connected to server! 
90
Client 91 
Connected to server! 
Client 92 
Connected to server! 
91
92
Client 94 
Client 93 
Connected to server! 
93
Client 95 
Connected to server! 
Connected to server! 
94
95
Client 96 
Connected to server! 
96
Client 97 
Connected to server! 
97
Client 99 
Connected to server! 
98
Client 98 
Connected to server! 
99
Client 100 
Connected to server! 
100
Done
Test 1 Execution Time: 61743.148051 milliseconds
