Launched child process: PID: 11108
Launched child process: PID: 11109
Connected to server! 
STORED

Connected to server! 
STORED

VALUE sameKeyTest 0 8
value101
END

STORED

VALUE sameKeyTest 0 8
value102
END

STORED

VALUE sameKeyTest 0 8
value103
END

STORED

VALUE sameKeyTest 0 8
value104
END

STORED

VALUE sameKeyTest 0 8
value105
END

STORED

VALUE sameKeyTest 0 8
value106
END

STORED

VALUE sameKeyTest 0 8
value107
END

STORED

VALUE sameKeyTest 0 8
value108
END

STORED

VALUE sameKeyTest 0 8
value109
END

STORED

VALUE sameKeyTest 0 8
value110
END

STORED

VALUE sameKeyTest 0 8
value111
END

STORED

VALUE sameKeyTest 0 8
value112
END

STORED

VALUE sameKeyTest 0 8
value113
END

STORED

VALUE sameKeyTest 0 8
value114
END

STORED

VALUE sameKeyTest 0 8
value115
END

STORED

VALUE sameKeyTest 0 8
value116
END

STORED

VALUE sameKeyTest 0 8
value117
END

STORED

VALUE sameKeyTest 0 8
value118
END

STORED

VALUE sameKeyTest 0 8
value119
END

STORED

VALUE sameKeyTest 0 8
value120
END

STORED

VALUE sameKeyTest 0 8
value121
END

STORED

VALUE sameKeyTest 0 8
value122
END

STORED

VALUE sameKeyTest 0 8
value123
END

STORED

VALUE sameKeyTest 0 8
value124
END

STORED

VALUE sameKeyTest 0 8
value125
END

STORED

VALUE sameKeyTest 0 8
value126
END

STORED

VALUE sameKeyTest 0 8
value127
END

STORED

VALUE sameKeyTest 0 8
value128
END

STORED

VALUE sameKeyTest 0 8
value129
END

STORED

VALUE sameKeyTest 0 8
value130
END

STORED

VALUE sameKeyTest 0 8
value131
END

STORED

VALUE sameKeyTest 0 8
value132
END

STORED

VALUE sameKeyTest 0 8
value133
END

STORED

VALUE sameKeyTest 0 8
value134
END

STORED

VALUE sameKeyTest 0 8
value135
END

STORED

VALUE sameKeyTest 0 8
value136
END

STORED

VALUE sameKeyTest 0 8
value137
END

STORED

VALUE sameKeyTest 0 8
value138
END

STORED

VALUE sameKeyTest 0 8
value139
END

STORED

VALUE sameKeyTest 0 8
value140
END

STORED

VALUE sameKeyTest 0 8
value141
END

STORED

VALUE sameKeyTest 0 8
value142
END

STORED

VALUE sameKeyTest 0 8
value143
END

STORED

VALUE sameKeyTest 0 8
value144
END

STORED

VALUE sameKeyTest 0 8
value145
END

STORED

VALUE sameKeyTest 0 8
value146
END

STORED

VALUE sameKeyTest 0 8
value147
END

STORED

VALUE sameKeyTest 0 8
value148
END

STORED

VALUE sameKeyTest 0 8
value149
END

STORED

VALUE sameKeyTest 0 8
value150
END

STORED

VALUE sameKeyTest 0 8
value151
END

STORED

VALUE sameKeyTest 0 8
value152
END

STORED

VALUE sameKeyTest 0 8
value153
END

STORED

VALUE sameKeyTest 0 8
value154
END

STORED

VALUE sameKeyTest 0 8
value155
END

STORED

VALUE sameKeyTest 0 8
value156
END

STORED

VALUE sameKeyTest 0 8
value157
END

STORED

VALUE sameKeyTest 0 8
value158
END

STORED

VALUE sameKeyTest 0 8
value159
END

STORED

VALUE sameKeyTest 0 8
value160
END

STORED

VALUE sameKeyTest 0 8
value161
END

STORED

VALUE sameKeyTest 0 8
value162
END

STORED

VALUE sameKeyTest 0 8
value163
END

STORED

VALUE sameKeyTest 0 8
value164
END

STORED

VALUE sameKeyTest 0 8
value165
END

STORED

VALUE sameKeyTest 0 8
value166
END

STORED

VALUE sameKeyTest 0 8
value167
END

STORED

VALUE sameKeyTest 0 8
value168
END

STORED

VALUE sameKeyTest 0 8
value169
END

STORED

VALUE sameKeyTest 0 8
value170
END

STORED

VALUE sameKeyTest 0 8
value171
END

STORED

VALUE sameKeyTest 0 8
value172
END

STORED

VALUE sameKeyTest 0 8
value173
END

STORED

VALUE sameKeyTest 0 8
value174
END

STORED

VALUE sameKeyTest 0 8
value175
END

STORED

VALUE sameKeyTest 0 8
value176
END

STORED

VALUE sameKeyTest 0 8
value177
END

STORED

VALUE sameKeyTest 0 8
value178
END

STORED

VALUE sameKeyTest 0 8
value179
END

STORED

VALUE sameKeyTest 0 8
value180
END

STORED

VALUE sameKeyTest 0 8
value181
END

STORED

VALUE sameKeyTest 0 8
value182
END

STORED

VALUE sameKeyTest 0 8
value183
END

STORED

VALUE sameKeyTest 0 8
value184
END

STORED

VALUE sameKeyTest 0 8
value185
END

STORED

VALUE sameKeyTest 0 8
value186
END

STORED

VALUE sameKeyTest 0 8
value187
END

STORED

VALUE sameKeyTest 0 8
value188
END

STORED

VALUE sameKeyTest 0 8
value189
END

STORED

VALUE sameKeyTest 0 8
value190
END

STORED

VALUE sameKeyTest 0 8
value191
END

STORED

VALUE sameKeyTest 0 8
value192
END

STORED

VALUE sameKeyTest 0 8
value193
END

STORED

VALUE sameKeyTest 0 8
value194
END

STORED

VALUE sameKeyTest 0 8
value195
END

STORED

VALUE sameKeyTest 0 8
value196
END

STORED

VALUE sameKeyTest 0 8
value197
END

STORED

VALUE sameKeyTest 0 8
value198
END

STORED

VALUE sameKeyTest 0 8
value199
END

VALUE sameKeyTest 0 8
value199
END

Done
Test 3 Execution Time: 2175.790368999995 milliseconds
