Launched child process: PID: 10378
Launched child process: PID: 10384
Launched child process: PID: 10390
Launched child process: PID: 10396
Launched child process: PID: 10402
Launched child process: PID: 10408
Launched child process: PID: 10414
Launched child process: PID: 10420
Launched child process: PID: 10426
Launched child process: PID: 10428
Launched child process: PID: 10438
Launched child process: PID: 10440
Launched child process: PID: 10445
Launched child process: PID: 10451
Launched child process: PID: 10457
Launched child process: PID: 10464
Launched child process: PID: 10470
Launched child process: PID: 10476
Launched child process: PID: 10482
Launched child process: PID: 10488
Launched child process: PID: 10494
Launched child process: PID: 10500
Client 100 
Connected to server! 
STORED
VALUE key100 0 8
value100
END

Launched child process: PID: 10506
Launched child process: PID: 10513
Launched child process: PID: 10519
Launched child process: PID: 10520
Launched child process: PID: 10527
Launched child process: PID: 10537
Launched child process: PID: 10543
Launched child process: PID: 10550
Launched child process: PID: 10551
Client 101 
Launched child process: PID: 10557
Connected to server! 
STORED
VALUE key101 0 8
value101
END

Launched child process: PID: 10563
Launched child process: PID: 10569
Launched child process: PID: 10575
Launched child process: PID: 10581
Launched child process: PID: 10588
Launched child process: PID: 10594
Launched child process: PID: 10600
Launched child process: PID: 10606
Launched child process: PID: 10612
Client 102 
Connected to server! 
STORED
VALUE key102 0 8
value102
END

Launched child process: PID: 10618
Launched child process: PID: 10625
Launched child process: PID: 10632
Launched child process: PID: 10637
Launched child process: PID: 10643
Launched child process: PID: 10650
Client 103 
Connected to server! 
Launched child process: PID: 10656
STORED
VALUE key103 0 8
value103
END

Launched child process: PID: 10662
Launched child process: PID: 10668
Launched child process: PID: 10671
Launched child process: PID: 10677
Client 104 
Launched child process: PID: 10683
Connected to server! 
STORED
VALUE key104 0 8
value104
END

Launched child process: PID: 10694
Launched child process: PID: 10700
Launched child process: PID: 10706
Launched child process: PID: 10712
Client 105 
Connected to server! 
Launched child process: PID: 10715
STORED
VALUE key105 0 8
value105
END

Launched child process: PID: 10721
Launched child process: PID: 10727
Launched child process: PID: 10733
Launched child process: PID: 10744
Client 106 
Connected to server! 
STORED
VALUE key106 0 8
value106
END

Launched child process: PID: 10750
Launched child process: PID: 10757
Launched child process: PID: 10759
Client 107 
Launched child process: PID: 10765
Connected to server! 
STORED
VALUE key107 0 8
value107
END

Launched child process: PID: 10771
Launched child process: PID: 10778
Launched child process: PID: 10784
Client 108 
Launched child process: PID: 10795
Connected to server! 
Launched child process: PID: 10797
STORED
VALUE key108 0 8
value108
END

Launched child process: PID: 10803
Launched child process: PID: 10810
Launched child process: PID: 10816
Client 109 
Connected to server! 
STORED
VALUE key109 0 8
value109
END

Launched child process: PID: 10822
Launched child process: PID: 10833
Client 110 
Launched child process: PID: 10835
Connected to server! 
STORED
VALUE key110 0 8
value110
END

Launched child process: PID: 10846
Launched child process: PID: 10849
Client 111 
Launched child process: PID: 10860
Connected to server! 
STORED
VALUE key111 0 8
value111
END

Launched child process: PID: 10861
Launched child process: PID: 10867
Client 112 
Launched child process: PID: 10874
Connected to server! 
STORED
VALUE key112 0 8
value112
END

Launched child process: PID: 10881
Launched child process: PID: 10888
Client 113 
Connected to server! 
STORED
VALUE key113 0 8
value113
END

Launched child process: PID: 10899
Launched child process: PID: 10905
Client 114 
Launched child process: PID: 10912
Connected to server! 
STORED
VALUE key114 0 8
value114
END

Launched child process: PID: 10913
Launched child process: PID: 10915
Launched child process: PID: 10920
Client 115 
Launched child process: PID: 10927
Connected to server! 
Launched child process: PID: 10929
Client 116 
Connected to server! 
STORED
VALUE key115 0 8
value115
END

Launched child process: PID: 10936
Client 117 
STORED
VALUE key116 0 8
value116
END

Launched child process: PID: 10947
Connected to server! 
STORED
VALUE key117 0 8
value117
END

Launched child process: PID: 10954
Launched child process: PID: 10961
Launched child process: PID: 10967
Client 118 
Launched child process: PID: 10973
Connected to server! 
STORED
VALUE key118 0 8
value118
END

Launched child process: PID: 10979
Launched child process: PID: 10981
Client 119 
Connected to server! 
STORED
VALUE key119 0 8
value119
END

Client 120 
Connected to server! 
STORED
VALUE key120 0 8
value120
END

Client 121 
Connected to server! 
STORED
VALUE key121 0 8
value121
END

Client 122 
Connected to server! 
STORED
VALUE key122 0 8
value122
END

Client 123 
Client 124 
Connected to server! 
STORED
VALUE key123 0 8
value123
END

Connected to server! 
STORED
VALUE key124 0 8
value124
END

Client 125 
Connected to server! 
STORED
VALUE key125 0 8
value125
END

Client 126 
Connected to server! 
STORED
VALUE key126 0 8
value126
END

Client 127 
Connected to server! 
STORED
VALUE key127 0 8
value127
END

Client 128 
Connected to server! 
STORED
VALUE key128 0 8
value128
END

Client 129 
Connected to server! 
STORED
VALUE key129 0 8
value129
END

Client 130 
Connected to server! 
STORED
VALUE key130 0 8
value130
END

Client 131 
Connected to server! 
STORED
VALUE key131 0 8
value131
END

Client 132 
Connected to server! 
STORED
VALUE key132 0 8
value132
END

Client 133 
Connected to server! 
STORED
VALUE key133 0 8
value133
END

Client 134 
Connected to server! 
STORED
VALUE key134 0 8
value134
END

Client 135 
Connected to server! 
STORED

Client 136 
Connected to server! 
STORED
VALUE key136 0 8
value136
END

Client 137 
Connected to server! 
STORED
VALUE key137 0 8
value137
END

Client 138 
Connected to server! 
STORED
VALUE key138 0 8
value138
END

Client 139 
Connected to server! 
STORED
VALUE key139 0 8
value139
END

Client 140 
Connected to server! 
STORED
VALUE key140 0 8
value140
END

Client 141 
Connected to server! 
STORED
VALUE key141 0 8
value141
END

Client 142 
Connected to server! 
STORED
VALUE key142 0 8
value142
END

Client 143 
Connected to server! 
STORED
VALUE key143 0 8
value143
END

Client 145 
Client 144 
Connected to server! 
STORED
VALUE key145 0 8
value145
END

Connected to server! 
STORED
VALUE key144 0 8
value144
END

Client 146 
Connected to server! 
STORED
VALUE key146 0 8
value146
END

Client 147 
Connected to server! 
STORED
VALUE key147 0 8
value147
END

Client 148 
Connected to server! 
STORED
VALUE key148 0 8
value148
END

Client 149 
Connected to server! 
STORED
VALUE key149 0 8
value149
END

Client 150 
Connected to server! 
STORED
VALUE key150 0 8
value150
END

Client 151 
Connected to server! 
STORED
VALUE key151 0 8
value151
END

Client 152 
Connected to server! 
STORED
VALUE key152 0 8
value152
END

Client 153 
Connected to server! 
STORED
VALUE key153 0 8
value153
END

Client 154 
Client 155 
Connected to server! 
Connected to server! 
STORED
VALUE key154 0 8
value154
END

STORED
VALUE key155 0 8
value155
END

Client 156 
Connected to server! 
STORED
VALUE key156 0 8
value156
END

Client 157 
Connected to server! 
STORED
VALUE key157 0 8
value157
END

Client 158 
Connected to server! 
STORED
VALUE key158 0 8
value158
END

Client 159 
Connected to server! 
STORED
VALUE key159 0 8
value159
END

Client 160 
Connected to server! 
STORED
VALUE key160 0 8
value160
END

Client 161 
Connected to server! 
STORED
VALUE key161 0 8
value161
END

Client 163 
Client 162 
Connected to server! 
STORED
VALUE key163 0 8
value163
END

Connected to server! 
STORED
VALUE key162 0 8
value162
END

Client 164 
Client 165 
Connected to server! 
Connected to server! 
STORED
VALUE key165 0 8
value165
END

STORED
VALUE key164 0 8
value164
END

Client 166 
Connected to server! 
STORED
VALUE key166 0 8
value166
END

Client 167 
Connected to server! 
STORED
VALUE key167 0 8
value167
END

Client 168 
Connected to server! 
STORED
VALUE key168 0 8
value168
END

Client 169 
Connected to server! 
STORED
VALUE key169 0 8
value169
END

Client 170 
Connected to server! 
STORED
VALUE key170 0 8
value170
END

Client 171 
Connected to server! 
STORED
VALUE key171 0 8
value171
END

Client 172 
Connected to server! 
STORED
VALUE key172 0 8
value172
END

Client 173 
Connected to server! 
STORED
VALUE key173 0 8
value173
END

Client 174 
Connected to server! 
STORED
VALUE key174 0 8
value174
END

Client 175 
Connected to server! 
Client 176 
STORED
VALUE key175 0 8
value175
END

Connected to server! 
STORED
VALUE key176 0 8
value176
END

Client 177 
Connected to server! 
STORED
VALUE key177 0 8
value177
END

Client 178 
Connected to server! 
STORED
VALUE key178 0 8
value178
END

Client 179 
Connected to server! 
STORED
VALUE key179 0 8
value179
END

Client 180 
Connected to server! 
STORED
VALUE key180 0 8
value180
END

Client 181 
Connected to server! 
STORED
VALUE key181 0 8
value181
END

Client 182 
Connected to server! 
STORED
VALUE key182 0 8
value182
END

Client 184 
Connected to server! 
STORED
VALUE key184 0 8
value184
END

Client 183 
Connected to server! 
STORED
VALUE key183 0 8
value183
END

Client 185 
Connected to server! 
STORED
VALUE key185 0 8
value185
END

Client 186 
Connected to server! 
STORED
VALUE key186 0 8
value186
END

Client 187 
Connected to server! 
STORED
VALUE key187 0 8
value187
END

Client 188 
Client 189 
Connected to server! 
Connected to server! 
STORED
VALUE key188 0 8
value188
END

STORED
VALUE key189 0 8
value189
END

Client 190 
Client 191 
Connected to server! 
STORED
VALUE key190 0 8
value190
END

Connected to server! 
STORED
VALUE key191 0 8
value191
END

Client 192 
Connected to server! 
STORED
VALUE key192 0 8
value192
END

Client 193 
Connected to server! 
STORED
VALUE key193 0 8
value193
END

Client 194 
Connected to server! 
STORED
VALUE key194 0 8
value194
END

Client 195 
Client 196 
Connected to server! 
STORED
VALUE key195 0 8
value195
END

Connected to server! 
STORED
VALUE key196 0 8
value196
END

Client 197 
Client 198 
Connected to server! 
Connected to server! 
STORED
VALUE key198 0 8
value198
END

STORED
VALUE key197 0 8
value197
END

Client 199 
Done
Test 2 Execution Time: 61758.51037199999 milliseconds
Connected to server! 
STORED
VALUE key199 0 8
value199
END

Client 200 
Connected to server! 
STORED
VALUE key200 0 8
value200
END

